<?xml version="1.0" encoding="UTF-8"?>
<testng-results skipped="0" failed="0" total="1" passed="1">
  <reporter-output>
  </reporter-output>
  <suite name="Default suite" duration-ms="13975" started-at="2019-07-01T19:09:11Z" finished-at="2019-07-01T19:09:25Z">
    <groups>
    </groups>
    <test name="Default test" duration-ms="13975" started-at="2019-07-01T19:09:11Z" finished-at="2019-07-01T19:09:25Z">
      <class name="demo.AmazonTest">
        <test-method status="PASS" signature="setUp()[pri:0, instance:demo.AmazonTest@171769e]" name="setUp" is-config="true" duration-ms="4470" started-at="2019-07-01T12:09:11Z" finished-at="2019-07-01T12:09:16Z">
          <reporter-output>
          </reporter-output>
        </test-method> <!-- setUp -->
        <test-method status="PASS" signature="testAmazon()[pri:0, instance:demo.AmazonTest@171769e]" name="testAmazon" duration-ms="8807" started-at="2019-07-01T12:09:16Z" finished-at="2019-07-01T12:09:24Z">
          <reporter-output>
          </reporter-output>
        </test-method> <!-- testAmazon -->
        <test-method status="PASS" signature="tearDown()[pri:0, instance:demo.AmazonTest@171769e]" name="tearDown" is-config="true" duration-ms="690" started-at="2019-07-01T12:09:24Z" finished-at="2019-07-01T12:09:25Z">
          <reporter-output>
          </reporter-output>
        </test-method> <!-- tearDown -->
      </class> <!-- demo.AmazonTest -->
    </test> <!-- Default test -->
  </suite> <!-- Default suite -->
</testng-results>
