<?xml version="1.0" encoding="UTF-8"?>
<!-- Generated by org.testng.reporters.JUnitXMLReporter -->
<testsuite hostname="DESKTOP-6VTJ9AE" name="Test1" tests="4" failures="0" timestamp="28 Jun 2019 22:37:43 GMT" time="0.027" errors="0">
  <testcase name="" time="0.007" classname="demo.TestNGGroupsDemo"/>
  <testcase name="" time="0.0" classname="demo.TestNGGroupsDemo"/>
  <testcase name="" time="0.0" classname="demo.TestNGGroupsDemo"/>
  <testcase name="" time="0.0" classname="demo.TestNGGroupsDemo"/>
</testsuite> <!-- Test1 -->
